c:\users\user\desktop\archiveslendingmanagementsystem\archiveslendingmanagementsystem\x64\debug\uic\ui_archiveslendingmanagementsystem.h
c:\users\user\desktop\archiveslendingmanagementsystem\archiveslendingmanagementsystem\x64\debug\rcc\qrc_archiveslendingmanagementsystem.cpp
c:\users\user\desktop\archiveslendingmanagementsystem\archiveslendingmanagementsystem\x64\debug\moc\moc_archiveslendingmanagementsystem.cpp
c:\users\user\desktop\archiveslendingmanagementsystem\archiveslendingmanagementsystem\x64\debug\uic\ui_widget.h
c:\users\user\desktop\archiveslendingmanagementsystem\archiveslendingmanagementsystem\x64\debug\uic\ui_mainwindow.h
c:\users\user\desktop\archiveslendingmanagementsystem\archiveslendingmanagementsystem\x64\debug\moc\moc_mainwindow.cpp
c:\users\user\desktop\archiveslendingmanagementsystem\archiveslendingmanagementsystem\x64\debug\uic\ui_loginwindow.h
c:\users\user\desktop\archiveslendingmanagementsystem\archiveslendingmanagementsystem\x64\debug\moc\moc_loginwindow.cpp
c:\users\user\desktop\archiveslendingmanagementsystem\archiveslendingmanagementsystem\x64\debug\rcc\qrc_loginwindow.cpp
c:\users\user\desktop\archiveslendingmanagementsystem\archiveslendingmanagementsystem\x64\debug\uic\ui_signupwindow.h
c:\users\user\desktop\archiveslendingmanagementsystem\archiveslendingmanagementsystem\x64\debug\moc\moc_signupwindow.cpp
c:\users\user\desktop\archiveslendingmanagementsystem\archiveslendingmanagementsystem\x64\debug\md5algorithm.obj
c:\users\user\desktop\archiveslendingmanagementsystem\archiveslendingmanagementsystem\x64\debug\archiveslendingmanagementsystem.obj
c:\users\user\desktop\archiveslendingmanagementsystem\archiveslendingmanagementsystem\x64\debug\dbhelper.obj
c:\users\user\desktop\archiveslendingmanagementsystem\archiveslendingmanagementsystem\x64\debug\main.obj
c:\users\user\desktop\archiveslendingmanagementsystem\archiveslendingmanagementsystem\x64\debug\moc_archiveslendingmanagementsystem.obj
c:\users\user\desktop\archiveslendingmanagementsystem\archiveslendingmanagementsystem\x64\debug\qrc_archiveslendingmanagementsystem.obj
c:\users\user\desktop\archiveslendingmanagementsystem\archiveslendingmanagementsystem\x64\debug\vc143.pdb
c:\users\user\desktop\archiveslendingmanagementsystem\archiveslendingmanagementsystem\x64\debug\borrowrecord.obj
c:\users\user\desktop\archiveslendingmanagementsystem\archiveslendingmanagementsystem\x64\debug\user.obj
c:\users\user\desktop\archiveslendingmanagementsystem\archiveslendingmanagementsystem\x64\debug\file.obj
c:\users\user\desktop\archiveslendingmanagementsystem\archiveslendingmanagementsystem\x64\debug\mytime.obj
c:\users\user\desktop\archiveslendingmanagementsystem\archiveslendingmanagementsystem\x64\debug\moc_loginwindow.obj
c:\users\user\desktop\archiveslendingmanagementsystem\archiveslendingmanagementsystem\x64\debug\qrc_loginwindow.obj
c:\users\user\desktop\archiveslendingmanagementsystem\archiveslendingmanagementsystem\x64\debug\loginwindow.obj
c:\users\user\desktop\archiveslendingmanagementsystem\archiveslendingmanagementsystem\x64\debug\mainwindow.obj
c:\users\user\desktop\archiveslendingmanagementsystem\archiveslendingmanagementsystem\x64\debug\curmessage.obj
c:\users\user\desktop\archiveslendingmanagementsystem\archiveslendingmanagementsystem\x64\debug\signupwindow.obj
c:\users\user\desktop\archiveslendingmanagementsystem\archiveslendingmanagementsystem\x64\debug\moc_signupwindow.obj
c:\users\user\desktop\archiveslendingmanagementsystem\archiveslendingmanagementsystem\x64\debug\moc_mainwindow.obj
c:\users\user\desktop\archiveslendingmanagementsystem\archiveslendingmanagementsystem\x64\debug\datacontroller.obj
c:\users\user\desktop\archiveslendingmanagementsystem\archiveslendingmanagementsystem\x64\debug\mylog.obj
c:\users\user\desktop\archiveslendingmanagementsystem\x64\debug\archiveslendingmanagementsystem.exe
c:\users\user\desktop\archiveslendingmanagementsystem\x64\debug\archiveslendingmanagementsystem.ilk
c:\users\user\desktop\archiveslendingmanagementsystem\x64\debug\archiveslendingmanagementsystem.pdb
c:\users\user\desktop\archiveslendingmanagementsystem\archiveslendingmanagementsystem\x64\debug\log.obj
c:\users\user\desktop\archiveslendingmanagementsystem\archiveslendingmanagementsystem\x64\debug\vc142.pdb
c:\users\user\desktop\archiveslendingmanagementsystem\archiveslendingmanagementsystem\x64\debug\archives.3de19f59.tlog\archiveslendingmanagementsystem.write.1u.tlog
c:\users\user\desktop\archiveslendingmanagementsystem\archiveslendingmanagementsystem\x64\debug\archives.3de19f59.tlog\cl.command.1.tlog
c:\users\user\desktop\archiveslendingmanagementsystem\archiveslendingmanagementsystem\x64\debug\archives.3de19f59.tlog\cl.read.1.tlog
c:\users\user\desktop\archiveslendingmanagementsystem\archiveslendingmanagementsystem\x64\debug\archives.3de19f59.tlog\cl.write.1.tlog
c:\users\user\desktop\archiveslendingmanagementsystem\archiveslendingmanagementsystem\x64\debug\archives.3de19f59.tlog\link.command.1.tlog
c:\users\user\desktop\archiveslendingmanagementsystem\archiveslendingmanagementsystem\x64\debug\archives.3de19f59.tlog\link.read.1.tlog
c:\users\user\desktop\archiveslendingmanagementsystem\archiveslendingmanagementsystem\x64\debug\archives.3de19f59.tlog\link.write.1.tlog
c:\users\user\desktop\archiveslendingmanagementsystem\archiveslendingmanagementsystem\x64\debug\archives.3de19f59.tlog\moc.read.1u.tlog
c:\users\user\desktop\archiveslendingmanagementsystem\archiveslendingmanagementsystem\x64\debug\archives.3de19f59.tlog\moc.write.1u.tlog
c:\users\user\desktop\archiveslendingmanagementsystem\archiveslendingmanagementsystem\x64\debug\archives.3de19f59.tlog\rcc.read.1u.tlog
c:\users\user\desktop\archiveslendingmanagementsystem\archiveslendingmanagementsystem\x64\debug\archives.3de19f59.tlog\rcc.write.1u.tlog
c:\users\user\desktop\archiveslendingmanagementsystem\archiveslendingmanagementsystem\x64\debug\archives.3de19f59.tlog\uic.read.1u.tlog
c:\users\user\desktop\archiveslendingmanagementsystem\archiveslendingmanagementsystem\x64\debug\archives.3de19f59.tlog\uic.write.1u.tlog
